Kane Williamson won the toss, elected to bat first
---------------------------------------------
---------------Batting Summary---------------
---------------------------------------------
M. Guptill       lbw C. Woakes    10 (5)           
C. Munro         b B. Stokes      10 (9)           
K. Williamson(c) lbw M. Ali       24 (11)          
R. Taylor        not out          6* (4)           
T. Latham(wk)    not out          3* (1)           
J. Neesham       DNB                               
C. deGrandhomme  DNB                               
M. Santner       DNB                               
M. Henry         DNB                               
T. Southee       DNB                               
T. Boult         DNB                               
Extras: 0
 
NEW ZEALAND 53/3 from (5.0 overs)
FOW:
10/1 M. Guptill(0.5), 34/2 C. Munro(3.3), 50/3 K. Williamson(4.4)
Partnerships:
C. Munro - M. Guptill :	10
K. Williamson - C. Munro :	24
R. Taylor - K. Williamson :	16
R. Taylor - T. Latham :	3
---------------------------------------------
---------------------------------------------
----------------Bowling Stats----------------
---------------------------------------------
Bowler    Ovrs      Mdns      Runs      Wkts      Eco       
B. Stokes 1.0       0         7         1         7.0       
M. Ali    1.0       0         13        1         13.0      
C. Woakes 1.0       0         12        1         12.0      
J. Archer 1.0       0         11        0         11.0      
M. Wood   1.0       0         10        0         10.0      
---------------------------------------------
---------------------------------------------
---------------Batting Summary---------------
---------------------------------------------
J. Roy         not out        17* (15)       
J. Bairstow    not out        19* (15)       
J. Root        DNB                           
E. Morgan(c)   DNB                           
B. Stokes      DNB                           
J. Buttler(wk) DNB                           
M. Ali         DNB                           
C. Woakes      DNB                           
L. Plunkett    DNB                           
J. Archer      DNB                           
M. Wood        DNB                           
Extras: 0
 
ENGLAND 36/0 from (5.0 overs)
Partnerships:
J. Bairstow - J. Roy :	36
---------------------------------------------
---------------------------------------------
----------------Bowling Stats----------------
---------------------------------------------
Bowler          Ovrs            Mdns            Runs            Wkts            Eco             
J. Neesham      1.0             0               2               0               2.0             
C. deGrandhomme 1.0             0               11              0               11.0            
M. Henry        1.0             0               8               0               8.0             
T. Southee      1.0             0               11              0               11.0            
T. Boult        1.0             0               4               0               4.0             
---------------------------------------------
----------Match Summary----------
New Zealand vs England, at The Kensington Oval, Bridgetown
---------------------------------------------
New Zealand won by 17 runs
---------------------------------------------
NZ 53/3 (5.0)
K. Williamson 24(11)        B. Stokes     7/1           
M. Guptill    10(5)         M. Ali        13/1          
---------------------------------------------
ENG 36/0 (5.0)
J. Bairstow     19*(15)         J. Neesham      2/0             
J. Roy          17*(15)         C. deGrandhomme 11/0            
-------------------------------------------
Player of the match: Martin Guptill
