Waqar Younis won the toss, elected to bat first
---------------------------------------------
---------------Batting Summary---------------
---------------------------------------------
S. Anwar           lbw G. McGrath     0 (1)              
T. Umer(wk)        b G. McGrath       0 (1)              
M. Yousuf          c B. Lee b B. Hogg 15 (11)            
Y. Khan            not out            14* (16)           
I. Ul-Haq          not out            0* (1)             
S. Afridi          DNB                                   
A. Razzaq          DNB                                   
S. Mushtaq         DNB                                   
W. Akram           DNB                                   
W. Younis(c)       DNB                                   
S. Akhtar          DNB                                   
Extras: 0
 
PAKISTAN-LEGENDS 29/3 from (5.0 overs)
FOW:
0/1 S. Anwar(0.1), 1/2 T. Umer(0.5), 23/3 M. Yousuf(3.5)
Partnerships:
T. Umer - S. Anwar :	0
M. Yousuf - T. Umer :	1
Y. Khan - M. Yousuf :	22
Y. Khan - I. Ul-Haq :	6
---------------------------------------------
---------------------------------------------
----------------Bowling Stats----------------
---------------------------------------------
Bowler     Ovrs       Mdns       Runs       Wkts       Eco        
A. Symonds 1.0        0          6          0          6.0        
A. Bichel  1.0        0          10         0          10.0       
B. Hogg    1.0        0          5          1          5.0        
B. Lee     1.0        0          7          0          7.0        
G. McGrath 1.0        0          1          2          1.0        
---------------------------------------------
---------------------------------------------
---------------Batting Summary---------------
---------------------------------------------
A. Gilchrist(wk) not out          11* (10)         
M. Hayden        b S. Akhtar      7 (5)            
R. Ponting(c)    lbw S. Akhtar    0 (2)            
D. Martyn        not out          12* (10)         
A. Symonds       DNB                               
M. Bevan         DNB                               
D. Lehmann       DNB                               
A. Bichel        DNB                               
B. Hogg          DNB                               
B. Lee           DNB                               
G. McGrath       DNB                               
Extras: 0
 
AUSTRALIA-LEGENDS 30/2 from (4.3 overs)
FOW:
16/1 M. Hayden(1.4), 16/2 R. Ponting(2.0)
Partnerships:
A. Gilchrist - M. Hayden :	16
A. Gilchrist - R. Ponting :	0
D. Martyn - A. Gilchrist :	14
---------------------------------------------
---------------------------------------------
----------------Bowling Stats----------------
---------------------------------------------
Bowler     Ovrs       Mdns       Runs       Wkts       Eco        
S. Afridi  1.0        0          10         0          10.0       
S. Mushtaq 0.3        0          2          0          6.67       
W. Akram   1.0        0          10         0          10.0       
W. Younis  1.0        0          2          0          2.0        
S. Akhtar  1.0        0          6          2          6.0        
---------------------------------------------
----------Match Summary----------
Pakistan-Legends vs Australia-Legends, at M. Chinnaswamy Stadium, Bengaluru
---------------------------------------------
Australia-Legends won by 8 wickets
---------------------------------------------
PAK 29/3 (5.0)
M. Yousuf  15(11)     G. McGrath 1/2        
Y. Khan    14*(16)    B. Hogg    5/1        
---------------------------------------------
AUS 30/2 (4.3)
D. Martyn    12*(10)      S. Akhtar    6/2          
A. Gilchrist 11*(10)      S. Afridi    10/0         
-------------------------------------------
Player of the match: Damien Martyn
