Sarfraz Ahmed won the toss, elected to bat first
---------------------------------------------
---------------Batting Summary---------------
---------------------------------------------
I. UlHaq            runout I. Tahir     3 (4)               
F. Zaman            runout D. Pretorius 9 (4)               
B. Azam             b J.P Duminy        0 (2)               
H. Sohail           b D. Steyn          0 (1)               
S. Ahmed(c)(wk)     runout D. Steyn     0 (2)               
M. Hafeez           lbw I. Tahir        1 (3)               
I. Wasim            not out             11* (8)             
S. Khan             not out             17* (6)             
S. Afridi           DNB                                     
W. Riaz             DNB                                     
M. Amir             DNB                                     
Extras: 0
 
PAKISTAN 41/6 from (5.0 overs)
FOW:
12/1 I. UlHaq(1.0), 12/2 F. Zaman(1.2), 12/3 H. Sohail(1.3), 12/4 S. Ahmed(1.5), 13/5 M. Hafeez(2.2), 19/6 B. Azam(3.3)
Partnerships:
F. Zaman - I. UlHaq :	12
B. Azam - F. Zaman :	0
B. Azam - H. Sohail :	0
B. Azam - S. Ahmed :	0
B. Azam - M. Hafeez :	1
I. Wasim - B. Azam :	6
I. Wasim - S. Khan :	22
---------------------------------------------
---------------------------------------------
----------------Bowling Stats----------------
---------------------------------------------
Bowler       Ovrs         Mdns         Runs         Wkts         Eco          
J.P Duminy   1.0          0            7            1            7.0          
D. Pretorius 1.0          0            16           0            16.0         
K. Rabada    1.0          0            12           0            12.0         
D. Steyn     1.0          0            1            1            1.0          
I. Tahir     1.0          0            5            1            5.0          
---------------------------------------------
---------------------------------------------
---------------Batting Summary---------------
---------------------------------------------
H. Amla                runout F. Zaman        0 (1)                  
Q. deKock(wk)          not out                20* (13)               
A. Markram             c F. Zaman b S. Afridi 9 (6)                  
F. duPlessis(c)        not out                10* (10)               
R. vanDerDussen        DNB                                           
J.P Duminy             DNB                                           
D. Pretorius           DNB                                           
A. Phehlukwayo         DNB                                           
K. Rabada              DNB                                           
D. Steyn               DNB                                           
I. Tahir               DNB                                           
Extras: 1
 
SOUTHAFRICA 40/2 from (5.0 overs)
FOW:
0/1 H. Amla(0.1), 11/2 A. Markram(1.4)
Partnerships:
Q. deKock - H. Amla :	0
Q. deKock - A. Markram :	11
Q. deKock - F. duPlessis :	29
---------------------------------------------
---------------------------------------------
----------------Bowling Stats----------------
---------------------------------------------
Bowler    Ovrs      Mdns      Runs      Wkts      Eco       
M. Hafeez 1.0       0         3         0         3.0       
I. Wasim  1.0       0         14        0         14.0      
S. Afridi 1.0       0         3         1         3.0       
W. Riaz   1.0       0         11        0         11.0      
M. Amir   1.0       0         9         0         9.0       
---------------------------------------------
----------Match Summary----------
Pakistan vs SouthAfrica, at The MCG
---------------------------------------------
Pakistan won by 1 run(s)
---------------------------------------------
PAK 41/6 (5.0)
S. Khan    17*(6)     J.P Duminy 7/1        
I. Wasim   11*(8)     D. Steyn   1/1        
---------------------------------------------
SA 40/2 (5.0)
Q. deKock    20*(13)      S. Afridi    3/1          
F. duPlessis 10*(10)      M. Hafeez    3/0          
-------------------------------------------
Player of the match: Shadab Khan
