Jason Holder won the toss, elected to bat first
---------------------------------------------
---------------Batting Summary---------------
---------------------------------------------
C. Gayle                     c K. Williamson b T. Southee 12 (8)                       
S. Hope(wk)                  b M. Henry                   4 (3)                        
D. Bravo                     runout M. Henry              16 (31)                      
N. Pooran                    not out                      94* (100)                    
S. Hetmeyer                  c J. Neesham b T. Southee    8 (13)                       
A. Russel                    runout M. Guptill            33 (45)                      
J. Holder(c)                 st T. Latham b M. Santner    0 (1)                        
C. Brathwaite                runout M. Henry              13 (12)                      
A. Nurse                     lbw T. Boult                 0 (1)                        
S. Cottrell                  st T. Latham b M. Santner    3 (10)                       
O. Thomas                    c M. Guptill b T. Boult      3 (3)                        
Extras: 40
 
WESTINDIES 226/10 from (37.5 overs)
FOW:
10/1 S. Hope(1.1), 24/2 C. Gayle(3.0), 63/3 D. Bravo(12.2), 92/4 S. Hetmeyer(16.4), 170/5 A. Russel(28.5), 171/6 J. Holder(29.0), 205/7 C. Brathwaite(33.5), 205/8 A. Nurse(34.0), 219/9 S. Cottrell(36.5), 226/10 O. Thomas(37.5)
Partnerships:
C. Gayle - S. Hope :	10
D. Bravo - C. Gayle :	14
N. Pooran - D. Bravo :	39
N. Pooran - S. Hetmeyer :	29
N. Pooran - A. Russel :	78
N. Pooran - J. Holder :	1
N. Pooran - C. Brathwaite :	34
N. Pooran - A. Nurse :	0
N. Pooran - S. Cottrell :	14
N. Pooran - O. Thomas :	7
---------------------------------------------
---------------------------------------------
----------------Bowling Stats----------------
---------------------------------------------
Bowler     Ovrs       Mdns       Runs       Wkts       Eco        
M. Santner 8.0        0          49         2          6.12       
M. Henry   10.0       0          52         1          5.2        
T. Southee 10.0       0          55         2          5.5        
T. Boult   9.5        0          70         2          7.37       
---------------------------------------------
---------------------------------------------
---------------Batting Summary---------------
---------------------------------------------
M. Guptill                lbw O. Thomas             17 (22)                   
C. Munro                  lbw S. Cottrell           25 (33)                   
K. Williamson(c)          runout A. Nurse           11 (18)                   
R. Taylor                 lbw J. Holder             45 (29)                   
T. Latham(wk)             c S. Cottrell b J. Holder 41 (43)                   
J. Neesham                c A. Nurse b J. Holder    40 (42)                   
C. deGrandhomme           not out                   21* (19)                  
M. Santner                b C. Brathwaite           4 (8)                     
M. Henry                  not out                   5* (2)                    
T. Southee                DNB                                                 
T. Boult                  DNB                                                 
Extras: 18
 
NEWZEALAND 227/7 from (36.0 overs)
FOW:
30/1 M. Guptill(5.5), 57/2 K. Williamson(11.4), 71/3 C. Munro(12.5), 135/4 R. Taylor(20.5), 195/5 J. Neesham(30.4), 200/6 T. Latham(32.1), 222/7 M. Santner(35.4)
Partnerships:
C. Munro - M. Guptill :	30
C. Munro - K. Williamson :	27
R. Taylor - C. Munro :	14
T. Latham - R. Taylor :	64
T. Latham - J. Neesham :	60
C. deGrandhomme - T. Latham :	5
C. deGrandhomme - M. Santner :	22
M. Henry - C. deGrandhomme :	5
---------------------------------------------
---------------------------------------------
----------------Bowling Stats----------------
---------------------------------------------
Bowler        Ovrs          Mdns          Runs          Wkts          Eco           
J. Holder     8.0           0             49            3             6.12          
C. Brathwaite 8.0           0             49            1             6.12          
S. Cottrell   10.0          0             63            1             6.3           
O. Thomas     10.0          0             66            1             6.6           
---------------------------------------------
----------Match Summary----------
WestIndies vs NewZealand, at Lords
---------------------------------------------
NewZealand won by 3 wicket(s) with 84 ball(s) left
---------------------------------------------
WI 226/10 (37.5)
N. Pooran  94*(100)   M. Santner 49/2       
A. Russel  33(45)     T. Southee 55/2       
---------------------------------------------
NZ 227/7 (36.0)
R. Taylor     45(29)        J. Holder     49/3          
T. Latham     41(43)        C. Brathwaite 49/1          
-------------------------------------------
Player of the match: Ross Taylor
