Nasser Hussain won the toss, elected to bat first
---------------------------------------------
---------------Batting Summary---------------
---------------------------------------------
M. Trescothick            b G. McGrath              1 (2)                     
N. Knight                 runout B. Lee             14 (23)                   
M. Vaughan                c D. Lehmann b B. Lee     1 (3)                     
N. Hussain(c)             c D. Lehmann b B. Hogg    70 (87)                   
P. Collingwood            lbw A. Bichel             21 (26)                   
A. Stewart(wk)            st A. Gilchrist b B. Hogg 65 (60)                   
A. Giles                  lbw G. McGrath            3 (6)                     
A. Flintoff               runout G. McGrath         34 (49)                   
M. Hoggard                runout A. Symonds         30 (30)                   
A. Caddick                c B. Lee b D. Lehmann     5 (6)                     
J. Anderson               not out                   1* (1)                    
Extras: 48
 
ENGLAND-LEGENDS 293/10 from (48.5 overs)
FOW:
4/1 M. Trescothick(0.3), 15/2 M. Vaughan(2.2), 31/3 N. Knight(5.3), 86/4 P. Collingwood(15.2), 204/5 N. Hussain(32.4), 209/6 A. Giles(34.0), 211/7 A. Stewart(34.3), 284/8 M. Hoggard(47.2), 292/9 A. Flintoff(48.3), 293/10 A. Caddick(48.5)
Partnerships:
N. Knight - M. Trescothick :	4
N. Knight - M. Vaughan :	11
N. Hussain - N. Knight :	16
N. Hussain - P. Collingwood :	55
A. Stewart - N. Hussain :	118
A. Stewart - A. Giles :	5
A. Flintoff - A. Stewart :	2
A. Flintoff - M. Hoggard :	73
A. Caddick - A. Flintoff :	8
J. Anderson - A. Caddick :	1
---------------------------------------------
---------------------------------------------
----------------Bowling Stats----------------
---------------------------------------------
Bowler     Ovrs       Mdns       Runs       Wkts       Eco        
A. Symonds 5.0        0          35         0          7.0        
D. Lehmann 3.5        0          13         1          3.71       
B. Hogg    10.0       0          49         2          4.9        
A. Bichel  10.0       0          54         1          5.4        
B. Lee     10.0       0          61         1          6.1        
G. McGrath 10.0       0          81         2          8.1        
---------------------------------------------
---------------------------------------------
---------------Batting Summary---------------
---------------------------------------------
A. Gilchrist(wk)              c M. Trescothick b M. Hoggard 26 (26)                       
M. Hayden                     runout N. Knight              0 (1)                         
R. Ponting(c)                 lbw M. Hoggard                2 (4)                         
D. Martyn                     b A. Caddick                  5 (5)                         
A. Symonds                    b A. Caddick                  12 (17)                       
M. Bevan                      not out                       80* (80)                      
D. Lehmann                    c M. Trescothick b M. Hoggard 1 (4)                         
B. Hogg                       c J. Anderson b M. Hoggard    13 (14)                       
A. Bichel                     c J. Anderson b A. Flintoff   25 (33)                       
B. Lee                        c A. Caddick b J. Anderson    9 (9)                         
G. McGrath                    runout A. Stewart             17 (17)                       
Extras: 14
 
AUSTRALIA-LEGENDS 204/10 from (35.0 overs)
FOW:
1/1 M. Hayden(0.2), 4/2 R. Ponting(1.1), 13/3 D. Martyn(2.2), 37/4 A. Symonds(7.0), 59/5 A. Gilchrist(9.5), 68/6 D. Lehmann(11.5), 98/7 B. Hogg(16.0), 152/8 A. Bichel(27.1), 173/9 B. Lee(30.3), 204/10 G. McGrath(35.0)
Partnerships:
A. Gilchrist - M. Hayden :	1
A. Gilchrist - R. Ponting :	3
A. Gilchrist - D. Martyn :	9
A. Gilchrist - A. Symonds :	24
M. Bevan - A. Gilchrist :	22
M. Bevan - D. Lehmann :	9
M. Bevan - B. Hogg :	30
M. Bevan - A. Bichel :	54
M. Bevan - B. Lee :	21
M. Bevan - G. McGrath :	31
---------------------------------------------
---------------------------------------------
----------------Bowling Stats----------------
---------------------------------------------
Bowler      Ovrs        Mdns        Runs        Wkts        Eco         
A. Flintoff 7.0         0           36          1           5.14        
M. Hoggard  10.0        0           59          4           5.9         
A. Caddick  10.0        0           52          2           5.2         
J. Anderson 8.0         0           57          1           7.12        
---------------------------------------------
----------Match Summary----------
England-Legends vs Australia-Legends, at The Buffalo Park, East London
---------------------------------------------
England-Legends won by 89 run(s)
---------------------------------------------
ENG 293/10 (48.5)
N. Hussain 70(87)     B. Hogg    49/2       
A. Stewart 65(60)     G. McGrath 81/2       
---------------------------------------------
AUS 204/10 (35.0)
M. Bevan     80*(80)      M. Hoggard   59/4         
A. Gilchrist 26(26)       A. Caddick   52/2         
-------------------------------------------
Player of the match: Matthew Hoggard
