Virat Kohli won the toss, elected to bat first
---------------------------------------------
---------------Batting Summary---------------
---------------------------------------------
S. Dhawan             lbw P. Cummins        0 (1)                 
R. Sharma             c A. Carey b M. Starc 40 (37)               
V. Kohli(c)           lbw M. Starc          10 (17)               
K.L. Rahul            c S. Marsh b M. Starc 11 (15)               
H. Pandya             runout D. Warner      65 (60)               
M.S. Dhoni(wk)        lbw J. Hazlewood      28 (24)               
R. Jadeja             lbw J. Hazlewood      26 (29)               
R. Ashwin             runout S. Marsh       0 (2)                 
B. Kumar              runout M. Starc       0 (3)                 
M. Shami              b J. Hazlewood        17 (23)               
J. Bumrah             not out               24* (23)              
Extras: 19
 
INDIA 240/10 from (39.0 overs)
FOW:
0/1 S. Dhawan(0.1), 23/2 V. Kohli(4.0), 46/3 K.L. Rahul(9.1), 77/4 R. Sharma(13.1), 130/5 M.S. Dhoni(20.1), 192/6 R. Jadeja(30.1), 192/7 R. Ashwin(30.3), 192/8 B. Kumar(31.0), 195/9 H. Pandya(31.4), 240/10 M. Shami(39.0)
Partnerships:
R. Sharma - S. Dhawan :	0
R. Sharma - V. Kohli :	23
R. Sharma - K.L. Rahul :	23
H. Pandya - R. Sharma :	31
H. Pandya - M.S. Dhoni :	53
H. Pandya - R. Jadeja :	62
H. Pandya - R. Ashwin :	0
H. Pandya - B. Kumar :	0
M. Shami - H. Pandya :	3
J. Bumrah - M. Shami :	45
---------------------------------------------
---------------------------------------------
----------------Bowling Stats----------------
---------------------------------------------
Bowler       Ovrs         Mdns         Runs         Wkts         Eco          
P. Cummins   10.0         0            61           1            6.1          
M. Starc     10.0         0            69           3            6.9          
J. Hazlewood 10.0         0            70           3            7.0          
A. Zampa     9.0          0            40           0            4.44         
---------------------------------------------
---------------------------------------------
---------------Batting Summary---------------
---------------------------------------------
D. Warner              lbw R. Ashwin          17 (22)                
A. Finch(c)            lbw B. Kumar           63 (72)                
S. Marsh               lbw R. Ashwin          16 (16)                
S. Smith               runout B. Kumar        11 (16)                
G. Maxwell             c J. Bumrah b M. Shami 14 (15)                
M. Stoinis             runout R. Ashwin       3 (2)                  
A. Carey(wk)           runout M.S. Dhoni      24 (29)                
P. Cummins             lbw B. Kumar           6 (9)                  
M. Starc               not out                23* (38)               
J. Hazlewood           lbw M. Shami           27 (26)                
A. Zampa               not out                11* (6)                
Extras: 27
 
AUSTRALIA 242/9 from (41.5 overs)
FOW:
31/1 D. Warner(6.4), 63/2 S. Marsh(11.0), 113/3 S. Smith(18.0), 136/4 G. Maxwell(22.5), 139/5 M. Stoinis(23.1), 155/6 A. Finch(25.3), 173/7 P. Cummins(29.1), 182/8 A. Carey(32.0), 231/9 J. Hazlewood(40.5)
Partnerships:
A. Finch - D. Warner :	31
A. Finch - S. Marsh :	32
A. Finch - S. Smith :	50
A. Finch - G. Maxwell :	23
A. Finch - M. Stoinis :	3
A. Carey - A. Finch :	16
A. Carey - P. Cummins :	18
M. Starc - A. Carey :	9
M. Starc - J. Hazlewood :	49
M. Starc - A. Zampa :	11
---------------------------------------------
---------------------------------------------
----------------Bowling Stats----------------
---------------------------------------------
Bowler    Ovrs      Mdns      Runs      Wkts      Eco       
H. Pandya 1.5       0         16        0         10.67     
R. Ashwin 10.0      0         53        2         5.3       
B. Kumar  10.0      0         51        2         5.1       
M. Shami  10.0      0         58        2         5.8       
J. Bumrah 10.0      0         64        0         6.4       
---------------------------------------------
----------Match Summary----------
India vs Australia, at The Wankhede Stadium, Mumbai
---------------------------------------------
Australia won by 1 wickets
---------------------------------------------
IND 240/10 (39.0)
H. Pandya    65(60)       M. Starc     69/3         
R. Sharma    40(37)       J. Hazlewood 70/3         
---------------------------------------------
AUS 242/9 (41.5)
A. Finch     63(72)       R. Ashwin    53/2         
J. Hazlewood 27(26)       B. Kumar     51/2         
-------------------------------------------
Player of the match: Josh Hazlewood
