Aaron Finch won the toss, elected to bat first
---------------------------------------------
---------------Batting Summary---------------
---------------------------------------------
D. Warner                 runout J. Buttler         16 (21)                   
A. Finch(c)               lbw C. Woakes             6 (12)                    
S. Marsh                  runout M. Wood            31 (24)                   
S. Smith                  lbw C. Woakes             9 (17)                    
G. Maxwell                b M. Wood                 25 (34)                   
M. Stoinis                b L. Plunkett             42 (35)                   
A. Carey(wk)              lbw M. Wood               40 (38)                   
A. Zampa                  c C. Woakes b L. Plunkett 3 (5)                     
P. Cummins                runout J. Buttler         2 (9)                     
M. Starc                  runout J. Bairstow        0 (2)                     
J. Hazlewood              not out                   11* (10)                  
Extras: 23
 
AUSTRALIA 208/10 from (34.3 overs)
FOW:
18/1 A. Finch(4.0), 47/2 D. Warner(8.0), 63/3 S. Marsh(11.2), 74/4 S. Smith(13.4), 134/5 G. Maxwell(23.0), 142/6 M. Stoinis(23.5), 159/7 A. Zampa(26.0), 178/8 P. Cummins(29.4), 179/9 M. Starc(30.0), 208/10 A. Carey(34.3)
Partnerships:
D. Warner - A. Finch :	18
S. Marsh - D. Warner :	29
S. Smith - S. Marsh :	16
G. Maxwell - S. Smith :	11
M. Stoinis - G. Maxwell :	60
A. Carey - M. Stoinis :	8
A. Carey - A. Zampa :	17
A. Carey - P. Cummins :	19
A. Carey - M. Starc :	1
J. Hazlewood - A. Carey :	29
---------------------------------------------
---------------------------------------------
----------------Bowling Stats----------------
---------------------------------------------
Bowler      Ovrs        Mdns        Runs        Wkts        Eco         
L. Plunkett 7.0         0           39          2           5.57        
C. Woakes   10.0        1           57          2           5.7         
J. Archer   10.0        0           63          0           6.3         
M. Wood     7.3         0           49          2           6.71        
---------------------------------------------
---------------------------------------------
---------------Batting Summary---------------
---------------------------------------------
J. Roy                c A. Zampa b M. Starc 29 (38)               
J. Bairstow           not out               77* (79)              
J. Root               c S. Marsh b M. Starc 11 (11)               
E. Morgan(c)          b A. Zampa            35 (36)               
B. Stokes             lbw J. Hazlewood      5 (10)                
J. Buttler(wk)        not out               23* (19)              
M. Ali                DNB                                         
L. Plunkett           DNB                                         
C. Woakes             DNB                                         
J. Archer             DNB                                         
M. Wood               DNB                                         
Extras: 29
 
ENGLAND 209/4 from (32.1 overs)
FOW:
82/1 J. Roy(12.2), 105/2 J. Root(16.3), 163/3 E. Morgan(25.5), 178/4 B. Stokes(28.3)
Partnerships:
J. Bairstow - J. Roy :	82
J. Bairstow - J. Root :	23
J. Bairstow - E. Morgan :	58
J. Bairstow - B. Stokes :	15
J. Bairstow - J. Buttler :	31
---------------------------------------------
---------------------------------------------
----------------Bowling Stats----------------
---------------------------------------------
Bowler       Ovrs         Mdns         Runs         Wkts         Eco          
A. Zampa     6.0          0            32           1            5.33         
P. Cummins   10.0         0            74           0            7.4          
M. Starc     10.0         0            58           2            5.8          
J. Hazlewood 6.1          0            45           1            7.38         
---------------------------------------------
----------Match Summary----------
Australia vs England, at The Edgbaston
---------------------------------------------
England won by 6 wicket(s) with 107 ball(s) left
---------------------------------------------
AUS 208/10 (34.3)
M. Stoinis  42(35)      L. Plunkett 39/2        
A. Carey    40(38)      C. Woakes   57/2        
---------------------------------------------
ENG 209/4 (32.1)
J. Bairstow 77*(79)     M. Starc    58/2        
E. Morgan   35(36)      A. Zampa    32/1        
-------------------------------------------
Player of the match: Jonny Bairstow
