Aaron Finch won the toss, elected to bat first
---------------------------------------------
---------------Batting Summary---------------
---------------------------------------------
D. Warner        not out          19* (9)          
A. Finch(c)      runout J. Bumrah 1 (5)            
S. Marsh         runout B. Kumar  14 (14)          
S. Smith         not out          5* (2)           
G. Maxwell       DNB                               
M. Stoinis       DNB                               
A. Carey(wk)     DNB                               
P. Cummins       DNB                               
M. Starc         DNB                               
J. Hazlewood     DNB                               
A. Zampa         DNB                               
Extras: 0
 
AUSTRALIA 39/2 from (5.0 overs)
FOW:
2/1 A. Finch(1.1), 31/2 S. Marsh(4.3)
Partnerships:
D. Warner - A. Finch :	2
D. Warner - S. Marsh :	29
S. Smith - D. Warner :	8
---------------------------------------------
---------------------------------------------
----------------Bowling Stats----------------
---------------------------------------------
Bowler    Ovrs      Mdns      Runs      Wkts      Eco       
H. Pandya 1.0       0         8         0         8.0       
R. Ashwin 1.0       0         13        0         13.0      
B. Kumar  1.0       0         2         0         2.0       
M. Shami  1.0       0         1         0         1.0       
J. Bumrah 1.0       0         15        0         15.0      
---------------------------------------------
---------------------------------------------
---------------Batting Summary---------------
---------------------------------------------
S. Dhawan        b M. Starc       12 (4)           
R. Sharma        lbw J. Hazlewood 17 (8)           
V. Kohli(c)      not out          3* (4)           
K.L. Rahul       lbw J. Hazlewood 6 (3)            
H. Pandya        not out          4* (3)           
M.S. Dhoni(wk)   DNB                               
R. Jadeja        DNB                               
R. Ashwin        DNB                               
B. Kumar         DNB                               
M. Shami         DNB                               
J. Bumrah        DNB                               
Extras: 0
 
INDIA 42/3 from (3.4 overs)
FOW:
29/1 S. Dhawan(1.5), 29/2 R. Sharma(2.1), 35/3 K.L. Rahul(2.4)
Partnerships:
R. Sharma - S. Dhawan :	29
V. Kohli - R. Sharma :	0
V. Kohli - K.L. Rahul :	6
H. Pandya - V. Kohli :	7
---------------------------------------------
---------------------------------------------
----------------Bowling Stats----------------
---------------------------------------------
Bowler       Ovrs         Mdns         Runs         Wkts         Eco          
P. Cummins   1.0          0            17           0            17.0         
M. Starc     1.0          0            12           1            12.0         
J. Hazlewood 1.0          0            7            2            7.0          
A. Zampa     0.4          0            6            0            15.0         
---------------------------------------------
----------Match Summary----------
Australia vs India, at The MCG
---------------------------------------------
India won by 7 wickets
---------------------------------------------
AUS 39/2 (5.0)
D. Warner 19*(9)    H. Pandya 8/0       
S. Marsh  14(14)    R. Jadeja 0/0       
---------------------------------------------
IND 42/3 (3.4)
R. Sharma    17(8)        J. Hazlewood 7/2          
S. Dhawan    12(4)        M. Starc     12/1         
-------------------------------------------
Player of the match: Rohit Sharma
Sachin Tendulkar won the toss, elected to bat first
---------------------------------------------
---------------Batting Summary---------------
---------------------------------------------
M. Hayden       not out         26* (13)        
S. Tendulkar(c) b Z. Khan       2 (4)           
B. Lara         c&b Brett Lee   1 (2)           
M. Jayawardene  not out         20* (11)        
C. Hooper       DNB                             
M. Boucher(wk)  DNB                             
L. Klusener     DNB                             
S. Pollock      DNB                             
A. Kumble       DNB                             
M. Muralitharan DNB                             
G. McGrath      DNB                             
Extras: 1
 
SACHINTENDULKARXI 50/2 from (5.0 overs)
FOW:
4/1 S. Tendulkar(0.5), 5/2 B. Lara(1.1)
Partnerships:
M. Hayden - S. Tendulkar :	4
M. Hayden - B. Lara :	1
M. Jayawardene - M. Hayden :	45
---------------------------------------------
---------------------------------------------
----------------Bowling Stats----------------
---------------------------------------------
Bowler    Ovrs      Mdns      Runs      Wkts      Eco       
J. Kallis 1.0       0         7         0         7.0       
S. Warne  1.0       0         10        0         10.0      
Z. Khan   1.0       0         5         1         5.0       
B. Lee    1.0       0         20        1         20.0      
A. Donald 1.0       0         8         0         8.0       
---------------------------------------------
---------------------------------------------
---------------Batting Summary---------------
---------------------------------------------
S. Ganguly               c A. Kumble b S. Pollock 0 (1)                    
S. Jayasuriya            b S. Pollock             0 (3)                    
H. Gibbs                 not out                  26* (11)                 
R. Ponting(c)            runout S. Pollock        0 (1)                    
K. Sangakkara(wk)        b A. Kumble              10 (8)                   
J. Kallis                not out                  11* (6)                  
A. Symonds               DNB                                               
S. Warne                 DNB                                               
Z. Khan                  DNB                                               
B. Lee                   DNB                                               
A. Donald                DNB                                               
Extras: 0
 
RICKYPONTINGXI 47/4 from (5.0 overs)
FOW:
0/1 S. Ganguly(0.1), 3/2 S. Jayasuriya(0.5), 3/3 R. Ponting(1.0), 19/4 K. Sangakkara(2.5)
Partnerships:
S. Jayasuriya - S. Ganguly :	0
H. Gibbs - S. Jayasuriya :	3
H. Gibbs - R. Ponting :	0
H. Gibbs - K. Sangakkara :	16
J. Kallis - H. Gibbs :	28
---------------------------------------------
---------------------------------------------
----------------Bowling Stats----------------
---------------------------------------------
Bowler          Ovrs            Mdns            Runs            Wkts            Eco             
S. Tendulkar    1.0             0               8               0               8.0             
S. Pollock      1.0             0               3               2               3.0             
A. Kumble       1.0             0               6               1               6.0             
M. Muralitharan 1.0             0               20              0               20.0            
G. McGrath      1.0             0               10              0               10.0            
---------------------------------------------
----------Match Summary----------
SachinTendulkarXI vs RickyPontingXI, at The Wankhede Stadium, Mumbai
---------------------------------------------
SachinTendulkarXI won by 3 runs
---------------------------------------------
ST 50/2 (5.0)
M. Hayden      26*(13)        Z. Khan        5/1            
M. Jayawardene 20*(11)        B. Lee         20/1           
---------------------------------------------
RP 47/4 (5.0)
H. Gibbs   26*(11)    S. Pollock 3/2        
J. Kallis  11*(6)     A. Kumble  6/1        
-------------------------------------------
Player of the match: Matthew Hayden
