Virat Kohli won the toss, elected to bat first
---------------------------------------------
---------------Batting Summary---------------
---------------------------------------------
S. Dhawan             c S. Marsh b M. Starc 2 (6)                 
R. Sharma             lbw J. Hazlewood      11 (6)                
V. Kohli(c)           not out               10* (9)               
K.L. Rahul            not out               6* (9)                
H. Pandya             DNB                                         
M.S. Dhoni(wk)        DNB                                         
R. Jadeja             DNB                                         
R. Ashwin             DNB                                         
B. Kumar              DNB                                         
M. Shami              DNB                                         
J. Bumrah             DNB                                         
Extras: 0
 
INDIA 29/2 from (5.0 overs)
FOW:
3/1 S. Dhawan(1.2), 15/2 R. Sharma(2.4)
Partnerships:
R. Sharma - S. Dhawan :	3
V. Kohli - R. Sharma :	12
K.L. Rahul - V. Kohli :	14
---------------------------------------------
---------------------------------------------
----------------Bowling Stats----------------
---------------------------------------------
Bowler       Ovrs         Mdns         Runs         Wkts         Eco          
G. Maxwell   1.0          0            11           0            11.0         
P. Cummins   1.0          0            3            0            3.0          
M. Starc     1.0          0            11           1            11.0         
J. Hazlewood 1.0          0            2            1            2.0          
A. Zampa     1.0          0            2            0            2.0          
---------------------------------------------
---------------------------------------------
---------------Batting Summary---------------
---------------------------------------------
D. Warner    not out      19* (7)      
A. Finch(c)  not out      12* (13)     
S. Marsh     DNB                       
S. Smith     DNB                       
G. Maxwell   DNB                       
M. Stoinis   DNB                       
A. Carey(wk) DNB                       
P. Cummins   DNB                       
M. Starc     DNB                       
J. Hazlewood DNB                       
A. Zampa     DNB                       
Extras: 0
 
AUSTRALIA 31/0 from (3.2 overs)
Partnerships:
A. Finch - D. Warner :	31
---------------------------------------------
---------------------------------------------
----------------Bowling Stats----------------
---------------------------------------------
Bowler    Ovrs      Mdns      Runs      Wkts      Eco       
R. Ashwin 1.0       0         5         0         5.0       
B. Kumar  1.0       0         14        0         14.0      
M. Shami  0.2       0         9         0         45.0      
J. Bumrah 1.0       0         3         0         3.0       
---------------------------------------------
----------Match Summary----------
India vs Australia, at The WACA, Perth
---------------------------------------------
Australia won by 10 wickets
---------------------------------------------
IND 29/2 (5.0)
R. Sharma    11(6)        M. Starc     11/1         
V. Kohli     10*(9)       J. Hazlewood 2/1          
---------------------------------------------
AUS 31/0 (3.2)
D. Warner 19*(7)    H. Pandya 0/0       
A. Finch  12*(13)   R. Jadeja 0/0       
-------------------------------------------
Player of the match: David Warner
