Jason Holder won the toss, elected to bat first
---------------------------------------------
---------------Batting Summary---------------
---------------------------------------------
C. Gayle                c M. Shami b R. Ashwin  9 (9)                   
S. Hope(wk)             runout B. Kumar         38 (29)                 
D. Bravo                b J. Bumrah             2 (5)                   
N. Pooran               lbw R. Ashwin           13 (14)                 
S. Hetmeyer             c M. Shami b J. Bumrah  6 (7)                   
A. Russel               c S. Dhawan b R. Ashwin 23 (29)                 
J. Holder(c)            c&b Hardik Pandya       97 (90)                 
C. Brathwaite           c R. Jadeja b B. Kumar  5 (10)                  
A. Nurse                lbw M. Shami            30 (40)                 
S. Cottrel              not out                 13* (12)                
O. Thomas               c R. Ashwin b H. Pandya 6 (7)                   
Extras: 19
 
WEST INDIES 261/10 from (42.0 overs)
FOW:
21/1 C. Gayle(2.5), 27/2 D. Bravo(3.5), 53/3 N. Pooran(7.0), 67/4 S. Hetmeyer(9.2), 82/5 S. Hope(12.1), 132/6 A. Russel(19.0), 145/7 C. Brathwaite(21.5), 228/8 A. Nurse(36.5), 246/9 J. Holder(40.0), 261/10 O. Thomas(42.0)
Partnerships:
S. Hope - C. Gayle :	21
S. Hope - D. Bravo :	6
S. Hope - N. Pooran :	26
S. Hope - S. Hetmeyer :	14
A. Russel - S. Hope :	15
J. Holder - A. Russel :	50
J. Holder - C. Brathwaite :	13
J. Holder - A. Nurse :	83
S. Cottrel - J. Holder :	18
S. Cottrel - O. Thomas :	15
---------------------------------------------
---------------------------------------------
----------------Bowling Stats----------------
---------------------------------------------
Bowler    Ovrs      Mdns      Runs      Wkts      Eco       
H. Pandya 2.0       0         12        2         6.0       
R. Ashwin 10.0      0         63        3         6.3       
B. Kumar  10.0      0         43        1         4.3       
M. Shami  10.0      0         69        1         6.9       
J. Bumrah 10.0      0         74        2         7.4       
---------------------------------------------
---------------------------------------------
---------------Batting Summary---------------
---------------------------------------------
S. Dhawan               c C. Gayle b A. Nurse   5 (8)                   
R. Sharma               b A. Nurse              16 (15)                 
V. Kohli(c)             c J. Holder b O. Thomas 7 (13)                  
K.L. Rahul              lbw O. Thomas           18 (24)                 
H. Pandya               st S. Hope b C. Gayle   66 (83)                 
M.S. Dhoni(wk)          lbw O. Thomas           24 (19)                 
R. Jadeja               lbw O. Thomas           0 (1)                   
R. Ashwin               runout S. Hope          10 (13)                 
B. Kumar                b C. Gayle              22 (35)                 
M. Shami                c O. Thomas b J. Holder 29 (28)                 
J. Bumrah               not out                 6* (10)                 
Extras: 27
 
INDIA 230/10 from (41.3 overs)
FOW:
7/1 S. Dhawan(1.3), 31/2 R. Sharma(5.5), 35/3 V. Kohli(6.3), 73/4 K.L. Rahul(13.0), 117/5 M.S. Dhoni(20.1), 117/6 R. Jadeja(20.2), 145/7 R. Ashwin(26.1), 183/8 H. Pandya(33.3), 195/9 B. Kumar(36.0), 230/10 M. Shami(41.3)
Partnerships:
R. Sharma - S. Dhawan :	7
V. Kohli - R. Sharma :	24
K.L. Rahul - V. Kohli :	4
H. Pandya - K.L. Rahul :	38
H. Pandya - M.S. Dhoni :	44
H. Pandya - R. Jadeja :	0
H. Pandya - R. Ashwin :	28
B. Kumar - H. Pandya :	38
M. Shami - B. Kumar :	12
J. Bumrah - M. Shami :	35
---------------------------------------------
---------------------------------------------
----------------Bowling Stats----------------
---------------------------------------------
Bowler     Ovrs       Mdns       Runs       Wkts       Eco        
C. Gayle   10.0       0          47         2          4.7        
A. Russel  10.0       0          62         0          6.2        
J. Holder  0.3        1          0          1          0.0        
A. Nurse   10.0       0          58         2          5.8        
S. Cottrel 1.0        0          5          0          5.0        
O. Thomas  10.0       0          58         4          5.8        
---------------------------------------------
----------Match Summary----------
West Indies vs India, at Lords
---------------------------------------------
West Indies won by 31 run(s)
---------------------------------------------
WI 261/10 (42.0)
J. Holder 97(90)    R. Ashwin 63/3      
S. Hope   38(29)    H. Pandya 12/2      
---------------------------------------------
IND 230/10 (41.3)
H. Pandya 66(83)    O. Thomas 58/4      
M. Shami  29(28)    C. Gayle  47/2      
-------------------------------------------
Player of the match: Jason Holder
