Sachin Tendulkar won the toss, elected to bat first
---------------------------------------------
---------------Batting Summary---------------
---------------------------------------------
M. Hayden       not out         26* (13)        
S. Tendulkar(c) b Z. Khan       2 (4)           
B. Lara         c&b Brett Lee   1 (2)           
M. Jayawardene  not out         20* (11)        
C. Hooper       DNB                             
M. Boucher(wk)  DNB                             
L. Klusener     DNB                             
S. Pollock      DNB                             
A. Kumble       DNB                             
M. Muralitharan DNB                             
G. McGrath      DNB                             
Extras: 1
 
SACHINTENDULKARXI 50/2 from (5.0 overs)
FOW:
4/1 S. Tendulkar(0.5), 5/2 B. Lara(1.1)
Partnerships:
M. Hayden - S. Tendulkar :	4
M. Hayden - B. Lara :	1
M. Jayawardene - M. Hayden :	45
---------------------------------------------
---------------------------------------------
----------------Bowling Stats----------------
---------------------------------------------
Bowler    Ovrs      Mdns      Runs      Wkts      Eco       
J. Kallis 1.0       0         7         0         7.0       
S. Warne  1.0       0         10        0         10.0      
Z. Khan   1.0       0         5         1         5.0       
B. Lee    1.0       0         20        1         20.0      
A. Donald 1.0       0         8         0         8.0       
---------------------------------------------
---------------------------------------------
---------------Batting Summary---------------
---------------------------------------------
S. Ganguly               c A. Kumble b S. Pollock 0 (1)                    
S. Jayasuriya            b S. Pollock             0 (3)                    
H. Gibbs                 not out                  26* (11)                 
R. Ponting(c)            runout S. Pollock        0 (1)                    
K. Sangakkara(wk)        b A. Kumble              10 (8)                   
J. Kallis                not out                  11* (6)                  
A. Symonds               DNB                                               
S. Warne                 DNB                                               
Z. Khan                  DNB                                               
B. Lee                   DNB                                               
A. Donald                DNB                                               
Extras: 0
 
RICKYPONTINGXI 47/4 from (5.0 overs)
FOW:
0/1 S. Ganguly(0.1), 3/2 S. Jayasuriya(0.5), 3/3 R. Ponting(1.0), 19/4 K. Sangakkara(2.5)
Partnerships:
S. Jayasuriya - S. Ganguly :	0
H. Gibbs - S. Jayasuriya :	3
H. Gibbs - R. Ponting :	0
H. Gibbs - K. Sangakkara :	16
J. Kallis - H. Gibbs :	28
---------------------------------------------
---------------------------------------------
----------------Bowling Stats----------------
---------------------------------------------
Bowler          Ovrs            Mdns            Runs            Wkts            Eco             
S. Tendulkar    1.0             0               8               0               8.0             
S. Pollock      1.0             0               3               2               3.0             
A. Kumble       1.0             0               6               1               6.0             
M. Muralitharan 1.0             0               20              0               20.0            
G. McGrath      1.0             0               10              0               10.0            
---------------------------------------------
----------Match Summary----------
SachinTendulkarXI vs RickyPontingXI, at The Wankhede Stadium, Mumbai
---------------------------------------------
SachinTendulkarXI won by 3 runs
---------------------------------------------
ST 50/2 (5.0)
M. Hayden      26*(13)        Z. Khan        5/1            
M. Jayawardene 20*(11)        B. Lee         20/1           
---------------------------------------------
RP 47/4 (5.0)
H. Gibbs   26*(11)    S. Pollock 3/2        
J. Kallis  11*(6)     A. Kumble  6/1        
-------------------------------------------
Player of the match: Matthew Hayden
