Sourav Ganguly won the toss, elected to bat first
---------------------------------------------
---------------Batting Summary---------------
---------------------------------------------
V. Sehwag      lbw A. Symonds 17 (16)        
S. Tendulkar   not out        15* (14)       
S. Ganguly(c)  DNB                           
R. Dravid(wk)  DNB                           
Y. Singh       DNB                           
M. Kaif        DNB                           
D. Mongia      DNB                           
H. Singh       DNB                           
A. Agarkar     DNB                           
Z. Khan        DNB                           
A. Nehra       DNB                           
Extras: 4
 
INDIA-LEGENDS 36/1 from (5.0 overs)
FOW:
36/1 V. Sehwag(5.0)
Partnerships:
S. Tendulkar - V. Sehwag :	36
S. Tendulkar - S. Ganguly :	0
---------------------------------------------
---------------------------------------------
----------------Bowling Stats----------------
---------------------------------------------
Bowler     Ovrs       Mdns       Runs       Wkts       Eco        
A. Symonds 1.0        0          11         1          11.0       
B. Hogg    1.0        0          2          0          2.0        
A. Bichel  1.0        0          11         0          11.0       
B. Lee     1.0        0          6          0          6.0        
G. McGrath 1.0        0          6          0          6.0        
---------------------------------------------
---------------------------------------------
---------------Batting Summary---------------
---------------------------------------------
A. Gilchrist(wk) b Z. Khan        0 (4)            
M. Hayden        b A. Nehra       2 (4)            
R. Ponting(c)    lbw A. Agarkar   1 (2)            
D. Martyn        not out          7* (16)          
A. Symonds       not out          5* (4)           
M. Bevan         DNB                               
D. Lehmann       DNB                               
B. Hogg          DNB                               
A. Bichel        DNB                               
B. Lee           DNB                               
G. McGrath       DNB                               
Extras: 3
 
AUSTRALIA-LEGENDS 18/3 from (5.0 overs)
FOW:
1/1 A. Gilchrist(0.4), 2/2 R. Ponting(1.1), 9/3 M. Hayden(2.3)
Partnerships:
M. Hayden - A. Gilchrist :	1
M. Hayden - R. Ponting :	1
D. Martyn - M. Hayden :	7
A. Symonds - D. Martyn :	9
---------------------------------------------
---------------------------------------------
----------------Bowling Stats----------------
---------------------------------------------
Bowler     Ovrs       Mdns       Runs       Wkts       Eco        
Y. Singh   1.0        0          2          0          2.0        
H. Singh   1.0        0          4          0          4.0        
A. Agarkar 1.0        0          5          1          5.0        
Z. Khan    1.0        0          2          1          2.0        
A. Nehra   1.0        0          5          1          5.0        
---------------------------------------------
----------Match Summary----------
India-Legends vs Australia-Legends, at Trentbridge
---------------------------------------------
India-Legends won by 18 run(s)
---------------------------------------------
IND 36/1 (5.0)
V. Sehwag    17(16)       A. Symonds   11/1         
S. Tendulkar 15*(14)      B. Hogg      2/0          
---------------------------------------------
AUS 18/3 (5.0)
D. Martyn  7*(16)     A. Agarkar 5/1        
A. Symonds 5*(4)      Z. Khan    2/1        
-------------------------------------------
Player of the match: Zaheer Khan
