Virat Kohli won the toss, elected to bat first
---------------------------------------------
---------------Batting Summary---------------
---------------------------------------------
S. Dhawan               c M. Starc b P. Cummins 48 (42)                 
R. Sharma               b M. Starc              10 (27)                 
V. Kohli(c)             b M. Starc              13 (22)                 
K.L Rahul               lbw P. Cummins          9 (7)                   
M.S Dhoni(wk)           c A. Carey b P. Cummins 4 (7)                   
H. Pandya               b J. Hazlewood          14 (15)                 
R. Jadeja               b A. Zampa              50 (61)                 
R. Ashwin               c S. Marsh b A. Zampa   10 (16)                 
B. Kumar                runout D. Warner        26 (26)                 
M. Shami                not out                 17* (23)                
J. Bumrah               b S. Smith              25 (21)                 
Extras: 32
 
INDIA 258/10 from (44.3 overs)
FOW:
31/1 R. Sharma(7.0), 81/2 V. Kohli(14.1), 92/3 S. Dhawan(15.4), 102/4 K.L Rahul(17.1), 103/5 M.S Dhoni(17.5), 136/6 H. Pandya(22.4), 158/7 R. Ashwin(28.0), 211/8 B. Kumar(36.5), 216/9 R. Jadeja(38.0), 258/10 J. Bumrah(44.3)
Partnerships:
S. Dhawan - R. Sharma :	31
S. Dhawan - V. Kohli :	50
K.L Rahul - S. Dhawan :	11
M.S Dhoni - K.L Rahul :	10
H. Pandya - M.S Dhoni :	1
R. Jadeja - H. Pandya :	33
R. Jadeja - R. Ashwin :	22
R. Jadeja - B. Kumar :	53
M. Shami - R. Jadeja :	5
M. Shami - J. Bumrah :	42
---------------------------------------------
---------------------------------------------
----------------Bowling Stats----------------
---------------------------------------------
Bowler       Ovrs         Mdns         Runs         Wkts         Eco          
S. Smith     2.3          1            14           1            6.09         
M. Stoinis   2.0          0            15           0            7.5          
A. Zampa     10.0         0            51           2            5.1          
P. Cummins   10.0         0            60           3            6.0          
M. Starc     10.0         0            58           2            5.8          
J. Hazlewood 10.0         0            60           1            6.0          
---------------------------------------------
---------------------------------------------
---------------Batting Summary---------------
---------------------------------------------
D. Warner              runout R. Sharma       0 (1)                  
A. Finch(c)            lbw B. Kumar           0 (1)                  
S. Marsh               runout B. Kumar        21 (20)                
S. Smith               b B. Kumar             21 (19)                
G. Maxwell             c R. Jadeja b B. Kumar 20 (27)                
M. Stoinis             b M. Shami             13 (15)                
A. Carey(wk)           c M.S Dhoni b B. Kumar 24 (22)                
A. Zampa               runout R. Ashwin       1 (2)                  
P. Cummins             c R. Jadeja b M. Shami 6 (6)                  
M. Starc               runout M.S Dhoni       27 (24)                
J. Hazlewood           not out                25* (25)               
Extras: 28
 
AUSTRALIA 186/10 from (27.0 overs)
FOW:
1/1 D. Warner(0.1), 4/2 A. Finch(0.4), 43/3 S. Smith(6.2), 48/4 S. Marsh(7.2), 76/5 M. Stoinis(11.2), 101/6 G. Maxwell(16.2), 103/7 A. Zampa(16.5), 119/8 A. Carey(18.1), 131/9 P. Cummins(19.4), 186/10 M. Starc(27.0)
Partnerships:
A. Finch - D. Warner :	1
S. Marsh - A. Finch :	3
S. Marsh - S. Smith :	39
G. Maxwell - S. Marsh :	5
G. Maxwell - M. Stoinis :	28
A. Carey - G. Maxwell :	25
A. Carey - A. Zampa :	2
P. Cummins - A. Carey :	16
M. Starc - P. Cummins :	12
J. Hazlewood - M. Starc :	55
---------------------------------------------
---------------------------------------------
----------------Bowling Stats----------------
---------------------------------------------
Bowler    Ovrs      Mdns      Runs      Wkts      Eco       
R. Ashwin 3.0       0         19        0         6.33      
B. Kumar  10.0      0         64        4         6.4       
M. Shami  10.0      0         70        2         7.0       
J. Bumrah 4.0       0         33        0         8.25      
---------------------------------------------
----------Match Summary----------
India vs Australia, at R. Premadasa Stadium, Colombo
---------------------------------------------
India won by 72 run(s)
---------------------------------------------
IND 258/10 (44.3)
R. Jadeja  50(61)     P. Cummins 60/3       
S. Dhawan  48(42)     A. Zampa   51/2       
---------------------------------------------
AUS 186/10 (27.0)
M. Starc     27(24)       B. Kumar     64/4         
J. Hazlewood 25*(25)      M. Shami     70/2         
-------------------------------------------
Player of the match: Bhuvneswar Kumar
