Dimuth Karunarathne won the toss, elected to bat first
---------------------------------------------
---------------Batting Summary---------------
---------------------------------------------
D. Karunarathne(c)         c M. Hasan b R. Hossain    14 (10)                    
K. Perera(wk)              runout R. Hossain          0 (2)                      
L. Thirimanne              lbw M. Mortaza             34 (22)                    
K. Mendis                  lbw R. Hossain             31 (12)                    
A. Matthews                c M. Rahman b S. Sarkar    13 (9)                     
M. Siriwardena             c S. Al-Hasan b M. Mortaza 21 (9)                     
T. Perera                  runout R. Hossain          31 (14)                    
D. deSilva                 not out                    46* (20)                   
I. Udana                   lbw S. Al-Hasan            14 (6)                     
L. Malinga                 c&b Liton Das              6 (5)                      
N. Pradeep                 c&b Shakib Al-Hasan        2 (2)                      
Extras: 23
 
SRILANKA 235/10 from (18.3 overs)
FOW:
5/1 K. Perera(0.4), 31/2 D. Karunarathne(3.3), 85/3 K. Mendis(7.2), 100/4 L. Thirimanne(8.5), 113/5 A. Matthews(9.4), 136/6 M. Siriwardena(11.0), 192/7 T. Perera(15.1), 220/8 I. Udana(16.5), 228/9 L. Malinga(17.5), 235/10 N. Pradeep(18.3)
Partnerships:
D. Karunarathne - K. Perera :	5
L. Thirimanne - D. Karunarathne :	26
L. Thirimanne - K. Mendis :	54
A. Matthews - L. Thirimanne :	15
M. Siriwardena - A. Matthews :	13
T. Perera - M. Siriwardena :	23
D. deSilva - T. Perera :	56
D. deSilva - I. Udana :	28
D. deSilva - L. Malinga :	8
D. deSilva - N. Pradeep :	7
---------------------------------------------
---------------------------------------------
----------------Bowling Stats----------------
---------------------------------------------
Bowler      Ovrs        Mdns        Runs        Wkts        Eco         
S. Sarkar   4.0         0           52          1           13.0        
S. Al-Hasan 1.3         0           19          2           14.62       
L. Das      1.0         0           8           1           8.0         
M. Mortaza  4.0         0           64          2           16.0        
R. Hossain  4.0         0           55          2           13.75       
M. Rahman   4.0         0           37          0           9.25        
---------------------------------------------
---------------------------------------------
---------------Batting Summary---------------
---------------------------------------------
T. Iqbal                 lbw N. Pradeep           11 (6)                   
S. Sarkar                b T. Perera              32 (20)                  
S. Al-Hasan              runout L. Malinga        23 (10)                  
M. Rahim(wk)             lbw L. Malinga           20 (8)                   
L. Das                   runout D. deSilva        6 (3)                    
R. Mahmudullah           lbw L. Malinga           0 (2)                    
S. Rahman                runout M. Siriwardena    16 (11)                  
M. Hasan                 not out                  60* (23)                 
M. Mortaza(c)            b A. Matthews            11 (6)                   
R. Hossain               c I. Udana b A. Matthews 19 (9)                   
M. Rahman                not out                  27* (8)                  
Extras: 14
 
BANGLADESH 239/9 from (17.4 overs)
FOW:
19/1 T. Iqbal(1.2), 49/2 S. Al-Hasan(3.3), 70/3 M. Rahim(5.0), 77/4 L. Das(6.0), 79/5 R. Mahmudullah(6.3), 102/6 S. Rahman(9.0), 116/7 S. Sarkar(10.0), 158/8 M. Mortaza(12.3), 187/9 R. Hossain(14.4)
Partnerships:
S. Sarkar - T. Iqbal :	19
S. Sarkar - S. Al-Hasan :	30
S. Sarkar - M. Rahim :	21
S. Sarkar - L. Das :	7
S. Sarkar - R. Mahmudullah :	2
S. Sarkar - S. Rahman :	23
M. Hasan - S. Sarkar :	14
M. Hasan - M. Mortaza :	42
M. Hasan - R. Hossain :	29
M. Rahman - M. Hasan :	52
---------------------------------------------
---------------------------------------------
----------------Bowling Stats----------------
---------------------------------------------
Bowler      Ovrs        Mdns        Runs        Wkts        Eco         
A. Matthews 4.0         0           60          2           15.0        
T. Perera   4.0         0           63          1           15.75       
D. deSilva  1.0         0           11          0           11.0        
I. Udana    0.4         0           12          0           30.0        
L. Malinga  4.0         0           48          2           12.0        
N. Pradeep  4.0         0           45          1           11.25       
---------------------------------------------
----------Match Summary----------
SriLanka vs Bangladesh, at M.C.A Stadium, Pune
---------------------------------------------
Bangladesh won by 1 wicket(s) with 14 ball(s) left
---------------------------------------------
SL 235/10 (18.3)
D. deSilva    46*(20)       S. Al-Hasan   19/2          
L. Thirimanne 34(22)        M. Mortaza    64/2          
---------------------------------------------
BAN 239/9 (17.4)
M. Hasan    60*(23)     A. Matthews 60/2        
S. Sarkar   32(20)      L. Malinga  48/2        
-------------------------------------------
Player of the match: Mehidy Hasan
