Virat Kohli won the toss, elected to bat first
---------------------------------------------
---------------Batting Summary---------------
---------------------------------------------
S. Dhawan       lbw M. Starc    1 (3)           
R. Sharma       runout A. Carey 0 (2)           
V. Kohli(c)     b J. Hazlewood  22 (8)          
K.L Rahul       runout S. Marsh 1 (2)           
M.S Dhoni(wk)   b S. Smith      9 (7)           
H. Pandya       not out         17* (7)         
R. Jadeja       not out         0* (1)          
R. Ashwin       DNB                             
B. Kumar        DNB                             
M. Shami        DNB                             
J. Bumrah       DNB                             
Extras: 0
 
INDIA 50/5 from (5.0 overs)
FOW:
1/1 R. Sharma(0.3), 4/2 S. Dhawan(1.0), 18/3 K.L Rahul(2.1), 29/4 V. Kohli(2.5), 50/5 M.S Dhoni(4.5)
Partnerships:
S. Dhawan - R. Sharma :	1
V. Kohli - S. Dhawan :	3
V. Kohli - K.L Rahul :	14
M.S Dhoni - V. Kohli :	11
H. Pandya - M.S Dhoni :	21
H. Pandya - R. Jadeja :	0
---------------------------------------------
---------------------------------------------
----------------Bowling Stats----------------
---------------------------------------------
Bowler       Ovrs         Mdns         Runs         Wkts         Eco          
S. Smith     1.0          0            8            1            8.0          
A. Zampa     1.0          0            13           0            13.0         
P. Cummins   1.0          0            14           0            14.0         
M. Starc     1.0          0            4            1            4.0          
J. Hazlewood 1.0          0            11           1            11.0         
---------------------------------------------
---------------------------------------------
---------------Batting Summary---------------
---------------------------------------------
D. Warner    not out      20* (16)     
A. Finch(c)  not out      16* (14)     
S. Marsh     DNB                       
S. Smith     DNB                       
G. Maxwell   DNB                       
M. Stoinis   DNB                       
A. Carey(wk) DNB                       
A. Zampa     DNB                       
P. Cummins   DNB                       
M. Starc     DNB                       
J. Hazlewood DNB                       
Extras: 0
 
AUSTRALIA 36/0 from (5.0 overs)
Partnerships:
A. Finch - D. Warner :	36
---------------------------------------------
---------------------------------------------
----------------Bowling Stats----------------
---------------------------------------------
Bowler    Ovrs      Mdns      Runs      Wkts      Eco       
H. Pandya 1.0       0         9         0         9.0       
R. Ashwin 1.0       0         5         0         5.0       
B. Kumar  1.0       0         9         0         9.0       
M. Shami  1.0       0         8         0         8.0       
J. Bumrah 1.0       0         5         0         5.0       
---------------------------------------------
----------Match Summary----------
India vs Australia, at M. Chinnaswamy Stadium, Bengaluru
---------------------------------------------
India won by 14 run(s)
---------------------------------------------
IND 50/5 (5.0)
V. Kohli  22(8)     S. Smith  8/1       
H. Pandya 17*(7)    M. Starc  4/1       
---------------------------------------------
AUS 36/0 (5.0)
D. Warner 20*(16)   H. Pandya 9/0       
A. Finch  16*(14)   R. Ashwin 5/0       
-------------------------------------------
Player of the match: Hardik Pandya
