Sachin Tendulkar won the toss, elected to bat first
---------------------------------------------
---------------Batting Summary---------------
---------------------------------------------
M. Hayden       lbw Z. Khan     4 (3)           
S. Tendulkar(c) lbw B. Lee      2 (3)           
B. Lara         lbw A. Donald   5 (6)           
M. Jayawardene  lbw A. Donald   2 (3)           
C. Hooper       not out         3* (5)          
M. Boucher(wk)  lbw S. Warne    8 (7)           
L. Klusener     not out         1* (3)          
S. Pollock      DNB                             
A. Kumble       DNB                             
M. Muralitharan DNB                             
G. McGrath      DNB                             
Extras: 1
 
SACHINTENDULKARXI 26/5 from (5.0 overs)
FOW:
4/1 M. Hayden(0.3), 8/2 S. Tendulkar(1.3), 13/3 M. Jayawardene(2.1), 14/4 B. Lara(2.4), 25/5 M. Boucher(4.3)
Partnerships:
S. Tendulkar - M. Hayden :	4
B. Lara - S. Tendulkar :	4
B. Lara - M. Jayawardene :	5
C. Hooper - B. Lara :	1
C. Hooper - M. Boucher :	11
C. Hooper - L. Klusener :	1
---------------------------------------------
---------------------------------------------
----------------Bowling Stats----------------
---------------------------------------------
Bowler    Ovrs      Mdns      Runs      Wkts      Eco       
J. Kallis 1.0       0         10        0         10.0      
S. Warne  1.0       0         1         1         1.0       
Z. Khan   1.0       0         6         1         6.0       
B. Lee    1.0       0         7         1         7.0       
A. Donald 1.0       0         2         2         2.0       
---------------------------------------------
---------------------------------------------
---------------Batting Summary---------------
---------------------------------------------
S. Ganguly        b G. McGrath      2 (6)             
S. Jayasuriya     not out           21* (13)          
H. Gibbs          not out           4* (6)            
R. Ponting(c)     DNB                                 
K. Sangakkara(wk) DNB                                 
J. Kallis         DNB                                 
A. Symonds        DNB                                 
S. Warne          DNB                                 
Z. Khan           DNB                                 
B. Lee            DNB                                 
A. Donald         DNB                                 
Extras: 0
 
RICKYPONTINGXI 27/1 from (4.1 overs)
FOW:
5/1 S. Ganguly(1.3)
Partnerships:
S. Jayasuriya - S. Ganguly :	5
S. Jayasuriya - H. Gibbs :	22
---------------------------------------------
---------------------------------------------
----------------Bowling Stats----------------
---------------------------------------------
Bowler          Ovrs            Mdns            Runs            Wkts            Eco             
S. Tendulkar    0.1             0               2               0               20.0            
S. Pollock      1.0             0               5               0               5.0             
A. Kumble       1.0             0               4               0               4.0             
M. Muralitharan 1.0             0               3               0               3.0             
G. McGrath      1.0             0               13              1               13.0            
---------------------------------------------
----------Match Summary----------
SachinTendulkarXI vs RickyPontingXI, at Lords
---------------------------------------------
RickyPontingXI won by 9 wickets
---------------------------------------------
ST 26/5 (5.0)
M. Boucher 8(7)       A. Donald  2/2        
B. Lara    5(6)       S. Warne   1/1        
---------------------------------------------
RP 27/1 (4.1)
S. Jayasuriya 21*(13)       G. McGrath    13/1          
H. Gibbs      4*(6)         S. Tendulkar  2/0           
-------------------------------------------
Player of the match: Sanath Jayasuriya
