Waqar Younis won the toss, elected to bat first
---------------------------------------------
---------------Batting Summary---------------
---------------------------------------------
S. Anwar            not out             22* (18)            
T. Umer(wk)         runout C. Vaas      0 (1)               
M. Yousuf           b D. Fernando       1 (3)               
Y. Khan             lbw M. Muralitharan 3 (5)               
I. Ul-Haq           not out             2* (3)              
S. Afridi           DNB                                     
A. Razzaq           DNB                                     
S. Mushtaq          DNB                                     
W. Akram            DNB                                     
W. Younis(c)        DNB                                     
S. Akhtar           DNB                                     
Extras: 2
 
PAKISTAN-LEGENDS 30/3 from (5.0 overs)
FOW:
1/1 T. Umer(0.2), 8/2 M. Yousuf(2.0), 18/3 Y. Khan(3.4)
Partnerships:
S. Anwar - T. Umer :	1
S. Anwar - M. Yousuf :	7
S. Anwar - Y. Khan :	10
I. Ul-Haq - S. Anwar :	12
---------------------------------------------
---------------------------------------------
----------------Bowling Stats----------------
---------------------------------------------
Bowler          Ovrs            Mdns            Runs            Wkts            Eco             
S. Jayasuriya   1.0             0               10              0               10.0            
C. Vaas         1.0             0               5               0               5.0             
D. Fernando     1.0             0               3               1               3.0             
N. Zoysa        1.0             0               5               0               5.0             
M. Muralitharan 1.0             0               7               1               7.0             
---------------------------------------------
---------------------------------------------
---------------Batting Summary---------------
---------------------------------------------
M. Atapattu       not out           18* (11)          
S. Jayasuriya(c)  b S. Akhtar       7 (4)             
A. deSilva        not out           8* (4)            
K. Sangakkara(wk) DNB                                 
M. Jayawardene    DNB                                 
R. Arnold         DNB                                 
T. Samaraweera    DNB                                 
C. Vaas           DNB                                 
D. Fernando       DNB                                 
N. Zoysa          DNB                                 
M. Muralitharan   DNB                                 
Extras: 1
 
SRILANKA-LEGENDS 34/1 from (3.1 overs)
FOW:
25/1 S. Jayasuriya(2.2)
Partnerships:
M. Atapattu - S. Jayasuriya :	25
M. Atapattu - A. deSilva :	9
---------------------------------------------
---------------------------------------------
----------------Bowling Stats----------------
---------------------------------------------
Bowler    Ovrs      Mdns      Runs      Wkts      Eco       
S. Afridi 0.1       0         4         0         40.0      
W. Akram  1.0       0         14        0         14.0      
W. Younis 1.0       0         11        0         11.0      
S. Akhtar 1.0       0         5         1         5.0       
---------------------------------------------
----------Match Summary----------
Pakistan-Legends vs SriLanka-Legends, at R. Premadasa Stadium, Colombo
---------------------------------------------
SriLanka-Legends won by 9 wickets
---------------------------------------------
PAK 30/3 (5.0)
S. Anwar        22*(18)         D. Fernando     3/1             
Y. Khan         3(5)            M. Muralitharan 7/1             
---------------------------------------------
SL 34/1 (3.1)
M. Atapattu 18*(11)     S. Akhtar   5/1         
A. deSilva  8*(4)       S. Afridi   4/0         
-------------------------------------------
Player of the match: Marvan Atapattu
