Babar Azam won the toss, elected to bat first
---------------------------------------------
---------------Batting Summary---------------
---------------------------------------------
I. UlHaq         b K. Rabada      6 (6)            
F. Zaman         lbw L. Ngidi     98 (81)          
B. Azam(c)       runout Q. deKock 1 (2)            
H. Sohail        b C. Morris      0 (2)            
M. Rizwan(wk)    lbw L. Ngidi     79 (82)          
M. Hafeez        b L. Ngidi       9 (8)            
I. Wasim         b A. Phehlukwayo 52 (41)          
S. Khan          not out          74* (58)         
W. Riaz          not out          24* (20)         
S. Afridi        DNB                               
M. Amir          DNB                               
Extras: 2
 
PAKISTAN 345/7 from (50.0 overs)
FOW:
6/1 I. UlHaq(1.0), 18/2 B. Azam(2.5), 27/3 H. Sohail(4.0), 168/4 F. Zaman(24.5), 189/5 M. Hafeez(28.2), 200/6 M. Rizwan(32.2), 295/7 I. Wasim(43.0)
Partnerships:
F. Zaman - I. UlHaq :	6
F. Zaman - B. Azam :	12
F. Zaman - H. Sohail :	9
M. Rizwan - F. Zaman :	141
M. Rizwan - M. Hafeez :	21
I. Wasim - M. Rizwan :	11
S. Khan - I. Wasim :	95
W. Riaz - S. Khan :	50
---------------------------------------------
---------------------------------------------
----------------Bowling Stats----------------
---------------------------------------------
Bowler         Ovrs           Mdns           Runs           Wkts           Eco            
J. Malan       5.0            0              38             0              7.6            
C. Morris      10.0           0              77             1              7.7            
A. Phehlukwayo 5.0            0              30             1              6.0            
K. Rabada      10.0           0              67             1              6.7            
L. Ngidi       10.0           0              65             3              6.5            
K. Maharaj     10.0           0              68             0              6.8            
---------------------------------------------
---------------------------------------------
---------------Batting Summary---------------
---------------------------------------------
T. Bavuma               b W. Riaz               3 (7)                   
Q. deKock(c)(wk)        c M. Hafeez b M. Amir   6 (4)                   
J. Malan                b W. Riaz               47 (52)                 
R. Van-der-Dussen       c I. UlHaq b M. Amir    31 (24)                 
D. Miller               c I. Wasim b M. Hafeez  74 (68)                 
H. Klaasen              c B. Azam b I. Wasim    17 (12)                 
C. Morris               lbw M. Hafeez           2 (3)                   
A. Phehlukwayo          st M. Rizwan b I. Wasim 25 (18)                 
K. Rabada               c W. Riaz b I. Wasim    22 (24)                 
L. Ngidi                not out                 32* (28)                
K. Maharaj              runout S. Afridi        57 (50)                 
Extras: 7
 
SOUTHAFRICA 323/10 from (48.2 overs)
FOW:
9/1 T. Bavuma(1.3), 11/2 Q. deKock(2.2), 53/3 R. Van-der-Dussen(8.4), 111/4 J. Malan(18.0), 139/5 H. Klaasen(21.4), 144/6 C. Morris(22.4), 186/7 A. Phehlukwayo(27.3), 220/8 D. Miller(34.4), 236/9 K. Rabada(36.0), 323/10 K. Maharaj(48.2)
Partnerships:
Q. deKock - T. Bavuma :	9
J. Malan - Q. deKock :	2
J. Malan - R. Van-der-Dussen :	42
D. Miller - J. Malan :	58
D. Miller - H. Klaasen :	28
D. Miller - C. Morris :	5
D. Miller - A. Phehlukwayo :	42
K. Rabada - D. Miller :	34
L. Ngidi - K. Rabada :	16
L. Ngidi - K. Maharaj :	87
---------------------------------------------
---------------------------------------------
----------------Bowling Stats----------------
---------------------------------------------
Bowler    Ovrs      Mdns      Runs      Wkts      Eco       
M. Hafeez 10.0      0         57        2         5.7       
I. Wasim  10.0      0         83        3         8.3       
S. Khan   4.2       1         34        0         8.1       
W. Riaz   10.0      0         58        2         5.8       
S. Afridi 4.0       0         23        0         5.75      
M. Amir   10.0      0         68        2         6.8       
---------------------------------------------
----------Match Summary----------
Pakistan vs SouthAfrica, at The Eden Gardens, Kolkata
---------------------------------------------
Pakistan won by 22 run(s)
---------------------------------------------
PAK 345/7 (50.0)
F. Zaman  98(81)    L. Ngidi  65/3      
M. Rizwan 79(82)    C. Morris 77/1      
---------------------------------------------
SA 323/10 (48.2)
D. Miller  74(68)     I. Wasim   83/3       
K. Maharaj 57(50)     M. Hafeez  57/2       
-------------------------------------------
Player of the match: Faqar Zaman
