Eoin Morgan won the toss, elected to bat first
---------------------------------------------
---------------Batting Summary---------------
---------------------------------------------
J. Roy                    c M. Shami b J. Bumrah    6 (11)                    
J. Bairstow               lbw R. Ashwin             20 (19)                   
J. Root                   st M.S. Dhoni b R. Ashwin 64 (48)                   
E. Morgan(c)              c R. Sharma b B. Kumar    69 (59)                   
B. Stokes                 b B. Kumar                38 (21)                   
J. Buttler(wk)            c K.L. Rahul b M. Shami   5 (5)                     
M. Ali                    lbw M. Shami              0 (1)                     
C. Woakes                 runout J. Bumrah          15 (15)                   
L. Plunkett               runout J. Bumrah          24 (26)                   
J. Archer                 not out                   30* (23)                  
M. Wood                   runout M.S. Dhoni         3 (3)                     
Extras: 27
 
ENGLAND 301/10 from (38.3 overs)
FOW:
23/1 J. Roy(3.5), 38/2 J. Bairstow(6.2), 136/3 J. Root(18.2), 210/4 E. Morgan(25.5), 216/5 J. Buttler(26.4), 216/6 M. Ali(26.5), 224/7 B. Stokes(27.4), 246/8 C. Woakes(30.5), 288/9 L. Plunkett(37.2), 301/10 M. Wood(38.3)
Partnerships:
J. Bairstow - J. Roy :	23
J. Root - J. Bairstow :	15
E. Morgan - J. Root :	98
B. Stokes - E. Morgan :	74
B. Stokes - J. Buttler :	6
B. Stokes - M. Ali :	0
C. Woakes - B. Stokes :	8
L. Plunkett - C. Woakes :	22
J. Archer - L. Plunkett :	42
J. Archer - M. Wood :	13
---------------------------------------------
---------------------------------------------
----------------Bowling Stats----------------
---------------------------------------------
Bowler    Ovrs      Mdns      Runs      Wkts      Eco       
R. Ashwin 10.0      0         67        2         6.7       
B. Kumar  10.0      0         92        2         9.2       
M. Shami  8.3       0         65        2         7.83      
J. Bumrah 10.0      0         77        1         7.7       
---------------------------------------------
---------------------------------------------
---------------Batting Summary---------------
---------------------------------------------
S. Dhawan      lbw J. Archer  26 (26)        
R. Sharma      b M. Ali       144 (118)      
V. Kohli(c)    runout J. Root 87 (67)        
K.L. Rahul     not out        18* (15)       
H. Pandya      not out        4* (7)         
M.S. Dhoni(wk) DNB                           
R. Jadeja      DNB                           
R. Ashwin      DNB                           
B. Kumar       DNB                           
M. Shami       DNB                           
J. Bumrah      DNB                           
Extras: 23
 
INDIA 302/3 from (38.5 overs)
FOW:
69/1 S. Dhawan(9.5), 269/2 V. Kohli(32.5), 291/3 R. Sharma(36.4)
Partnerships:
R. Sharma - S. Dhawan :	69
R. Sharma - V. Kohli :	200
K.L. Rahul - R. Sharma :	22
H. Pandya - K.L. Rahul :	11
---------------------------------------------
---------------------------------------------
----------------Bowling Stats----------------
---------------------------------------------
Bowler    Ovrs      Mdns      Runs      Wkts      Eco       
B. Stokes 9.0       0         67        0         7.44      
M. Ali    8.5       0         80        1         9.41      
C. Woakes 1.0       0         6         0         6.0       
J. Archer 10.0      0         71        1         7.1       
M. Wood   10.0      0         78        0         7.8       
---------------------------------------------
----------Match Summary----------
England vs India, at M. Chinnaswamy Stadium, Bengaluru
---------------------------------------------
India won by 7 wickets
---------------------------------------------
ENG 301/10 (38.3)
E. Morgan 69(59)    R. Ashwin 67/2      
J. Root   64(48)    B. Kumar  92/2      
---------------------------------------------
IND 302/3 (38.5)
R. Sharma 144(118)  M. Ali    80/1      
V. Kohli  87(67)    J. Archer 71/1      
-------------------------------------------
Player of the match: Rohit Sharma
